[getbootstrap.com/docs/5.3/examples/sign-in/index.html]
[getbootstrap.com/docs/5.3/assets/js/color-modes.js]
[backblue.gif]
[fade.gif]
[index.html]
[cdn.jsdelivr.net/npm/@docsearch/css@3.css]
[getbootstrap.com/docs/5.3/dist/css/bootstrap.min.css]
[getbootstrap.com/docs/5.3/assets/img/favicons/apple-touch-icon.png]
[getbootstrap.com/docs/5.3/assets/img/favicons/favicon-32x32.png]
[getbootstrap.com/docs/5.3/assets/img/favicons/favicon-16x16.png]
[getbootstrap.com/docs/5.3/assets/img/favicons/manifest.json]
[getbootstrap.com/docs/5.3/assets/img/favicons/safari-pinned-tab.svg]
[getbootstrap.com/docs/5.3/assets/img/favicons/favicon.ico]
[getbootstrap.com/docs/5.3/examples/sign-in/sign-in.css]
[getbootstrap.com/docs/5.3/assets/brand/bootstrap-logo.svg]
[getbootstrap.com/docs/5.3/dist/js/bootstrap.bundle.min.js]
[getbootstrap.com/docs/5.3/examples/sign-in/index.html]
[cdn.jsdelivr.net/npm/@docsearch/css@3.css]
[getbootstrap.com/docs/5.3/dist/css/bootstrap.min.css]
[getbootstrap.com/docs/5.3/assets/img/favicons/safari-pinned-tab.svg]
[getbootstrap.com/docs/5.3/examples/sign-in/sign-in.css]
[getbootstrap.com/docs/5.3/assets/brand/bootstrap-logo.svg]
